<?xml version="1.0" encoding="UTF-8"?>
<testng-results skipped="0" failed="0" ignored="0" total="1" passed="1">
  <reporter-output>
  </reporter-output>
  <suite name="Default suite" duration-ms="26798" started-at="2019-01-30T12:26:45Z" finished-at="2019-01-30T12:27:12Z">
    <groups>
    </groups>
    <test name="Default test" duration-ms="26798" started-at="2019-01-30T12:26:45Z" finished-at="2019-01-30T12:27:12Z">
      <class name="scenario.Example">
        <test-method status="PASS" signature="conficBc()[pri:0, instance:scenario.Example@77caeb3e]" name="conficBc" is-config="true" duration-ms="7821" started-at="2019-01-30T17:56:45Z" finished-at="2019-01-30T17:56:53Z">
          <reporter-output>
          </reporter-output>
        </test-method> <!-- conficBc -->
        <test-method status="PASS" signature="conficBm()[pri:0, instance:scenario.Example@77caeb3e]" name="conficBm" is-config="true" duration-ms="9341" started-at="2019-01-30T17:56:53Z" finished-at="2019-01-30T17:57:02Z">
          <reporter-output>
          </reporter-output>
        </test-method> <!-- conficBm -->
        <test-method status="PASS" signature="run()[pri:0, instance:scenario.Example@77caeb3e]" name="run" duration-ms="6" started-at="2019-01-30T17:57:02Z" finished-at="2019-01-30T17:57:02Z">
          <reporter-output>
          </reporter-output>
        </test-method> <!-- run -->
        <test-method status="PASS" signature="conficAm()[pri:0, instance:scenario.Example@77caeb3e]" name="conficAm" is-config="true" duration-ms="7227" started-at="2019-01-30T17:57:02Z" finished-at="2019-01-30T17:57:10Z">
          <reporter-output>
          </reporter-output>
        </test-method> <!-- conficAm -->
        <test-method status="PASS" signature="conficAc()[pri:0, instance:scenario.Example@77caeb3e]" name="conficAc" is-config="true" duration-ms="2340" started-at="2019-01-30T17:57:10Z" finished-at="2019-01-30T17:57:12Z">
          <reporter-output>
          </reporter-output>
        </test-method> <!-- conficAc -->
      </class> <!-- scenario.Example -->
    </test> <!-- Default test -->
  </suite> <!-- Default suite -->
</testng-results>
