<?xml version="1.0" encoding="UTF-8"?>
<testng-results skipped="0" failed="0" ignored="0" total="1" passed="1">
  <reporter-output>
  </reporter-output>
  <suite name="Suite" duration-ms="29327" started-at="2019-01-31T06:42:28Z" finished-at="2019-01-31T06:42:57Z">
    <groups>
      <group name="smoke">
        <method signature="VerifingHomePage.run()[pri:0, instance:scenario.VerifingHomePage@91161c7]" name="run" class="scenario.VerifingHomePage"/>
      </group> <!-- smoke -->
    </groups>
    <test name="Test" duration-ms="29327" started-at="2019-01-31T06:42:28Z" finished-at="2019-01-31T06:42:57Z">
      <class name="scenario.VerifingHomePage">
        <test-method status="PASS" signature="conficBc()[pri:0, instance:scenario.VerifingHomePage@91161c7]" name="conficBc" is-config="true" duration-ms="4997" started-at="2019-01-31T12:12:28Z" finished-at="2019-01-31T12:12:33Z">
          <reporter-output>
          </reporter-output>
        </test-method> <!-- conficBc -->
        <test-method status="PASS" signature="conficBm()[pri:0, instance:scenario.VerifingHomePage@91161c7]" name="conficBm" is-config="true" duration-ms="11951" started-at="2019-01-31T12:12:33Z" finished-at="2019-01-31T12:12:45Z">
          <reporter-output>
          </reporter-output>
        </test-method> <!-- conficBm -->
        <test-method status="PASS" signature="run()[pri:0, instance:scenario.VerifingHomePage@91161c7]" name="run" duration-ms="8844" started-at="2019-01-31T12:12:45Z" finished-at="2019-01-31T12:12:54Z">
          <reporter-output>
          </reporter-output>
        </test-method> <!-- run -->
        <test-method status="PASS" signature="conficAm()[pri:0, instance:scenario.VerifingHomePage@91161c7]" name="conficAm" is-config="true" duration-ms="1372" started-at="2019-01-31T12:12:54Z" finished-at="2019-01-31T12:12:55Z">
          <reporter-output>
          </reporter-output>
        </test-method> <!-- conficAm -->
        <test-method status="PASS" signature="conficAc()[pri:0, instance:scenario.VerifingHomePage@91161c7]" name="conficAc" is-config="true" duration-ms="2142" started-at="2019-01-31T12:12:55Z" finished-at="2019-01-31T12:12:57Z">
          <reporter-output>
          </reporter-output>
        </test-method> <!-- conficAc -->
      </class> <!-- scenario.VerifingHomePage -->
    </test> <!-- Test -->
  </suite> <!-- Suite -->
</testng-results>
